system infossystem infossystem infostime="2023-08-16T20:49:39+06:00" level=info msg="system infos" func="main.main()" file="main.go:16"
time="2023-08-17T20:21:32+06:00" level=info msg="create router" func="main.main()" file="main.go:24"
time="2023-08-17T20:21:32+06:00" level=info msg="register handler" func="main.main()" file="main.go:26"
time="2023-08-17T20:21:32+06:00" level=info msg="Load config" func="rest-api-go/internal/config.GetConfig.func1()" file="config.go:34"
time="2023-08-17T20:21:32+06:00" level=info func="rest-api-go/internal/config.GetConfig.func1()" file="config.go:38"
time="2023-08-17T20:21:32+06:00" level=fatal msg="config file parsing error: yaml: line 9: mapping values are not allowed in this context" func="rest-api-go/internal/config.GetConfig.func1()" file="config.go:39"
time="2023-08-17T20:26:41+06:00" level=info msg="create router" func="main.main()" file="main.go:24"
time="2023-08-17T20:26:41+06:00" level=info msg="register handler" func="main.main()" file="main.go:26"
time="2023-08-17T20:26:41+06:00" level=info msg="Load config" func="rest-api-go/internal/config.GetConfig.func1()" file="config.go:34"
time="2023-08-17T20:26:41+06:00" level=debug msg="create user" func="rest-api-go/internal/user/db.(*db).Create()" file="mongodb.go:21"
time="2023-08-17T20:26:41+06:00" level=debug msg="convert objectId to hex" func="rest-api-go/internal/user/db.(*db).Create()" file="mongodb.go:26"
time="2023-08-17T20:26:41+06:00" level=info msg=64de2e216f4f320f1021def1 func="main.main()" file="main.go:50"
time="2023-08-17T20:26:41+06:00" level=info msg="run server" func="main.run()" file="main.go:60"
time="2023-08-17T20:26:41+06:00" level=info msg="Server is listening port 0.0.0.0:8080" func="main.run()" file="main.go:78"
time="2023-08-17T20:41:12+06:00" level=info msg="create router" func="main.main()" file="main.go:24"
time="2023-08-17T20:41:12+06:00" level=info msg="register handler" func="main.main()" file="main.go:26"
time="2023-08-17T20:41:12+06:00" level=info msg="Load config" func="rest-api-go/internal/config.GetConfig.func1()" file="config.go:34"
time="2023-08-17T20:41:12+06:00" level=debug msg="create user" func="rest-api-go/internal/user/db.(*db).Create()" file="mongodb.go:21"
time="2023-08-17T20:41:12+06:00" level=debug msg="convert objectId to hex" func="rest-api-go/internal/user/db.(*db).Create()" file="mongodb.go:26"
time="2023-08-17T20:41:12+06:00" level=info msg=64de3188d866ef5683f3de53 func="main.main()" file="main.go:50"
time="2023-08-17T20:41:12+06:00" level=debug msg="create user" func="rest-api-go/internal/user/db.(*db).Create()" file="mongodb.go:21"
time="2023-08-17T20:41:12+06:00" level=debug msg="convert objectId to hex" func="rest-api-go/internal/user/db.(*db).Create()" file="mongodb.go:26"
time="2023-08-17T20:41:12+06:00" level=info msg=64de3188d866ef5683f3de54 func="main.main()" file="main.go:63"
time="2023-08-17T20:41:12+06:00" level=trace msg="Matched 1, documents and updated 1 documents.\n" func="rest-api-go/internal/user/db.(*db).Update()" file="mongodb.go:81"
time="2023-08-17T20:41:12+06:00" level=info msg="run server" func="main.run()" file="main.go:85"
time="2023-08-17T20:41:12+06:00" level=info msg="Server is listening port 0.0.0.0:8080" func="main.run()" file="main.go:103"
time="2023-08-17T20:53:10+06:00" level=info msg="create router" func="main.main()" file="main.go:24"
time="2023-08-17T20:53:10+06:00" level=info msg="register handler" func="main.main()" file="main.go:26"
time="2023-08-17T20:53:10+06:00" level=info msg="Load config" func="rest-api-go/internal/config.GetConfig.func1()" file="config.go:34"
time="2023-08-17T20:55:08+06:00" level=info msg="create router" func="main.main()" file="main.go:24"
time="2023-08-17T20:55:08+06:00" level=info msg="register handler" func="main.main()" file="main.go:26"
time="2023-08-17T20:55:08+06:00" level=info msg="Load config" func="rest-api-go/internal/config.GetConfig.func1()" file="config.go:34"
time="2023-08-17T20:55:08+06:00" level=info msg="[{64de2e216f4f320f1021def1 kuku1818 12345 kuku@ya.ru} {64de3188d866ef5683f3de53 kuku1818 12345 kuku@ya.ru} {64de3188d866ef5683f3de54 kuku11818 12345 ee@ya.ru}]" func="main.main()" file="main.go:43"
time="2023-08-17T20:55:08+06:00" level=info msg="run server" func="main.run()" file="main.go:53"
time="2023-08-17T20:55:08+06:00" level=info msg="Server is listening port 0.0.0.0:8080" func="main.run()" file="main.go:71"
time="2023-08-20T01:06:35+06:00" level=info msg="create router" func="main.main()" file="main.go:25"
time="2023-08-20T01:06:35+06:00" level=info msg="Load config" func="rest-api-go/internal/config.GetConfig.func1()" file="config.go:34"
time="2023-08-20T01:06:35+06:00" level=info msg="register handlers" func="main.main()" file="main.go:41"
time="2023-08-20T01:06:35+06:00" level=info msg="run server" func="main.run()" file="main.go:48"
time="2023-08-20T01:06:35+06:00" level=info msg="Server is listening port 0.0.0.0:8080" func="main.run()" file="main.go:66"
time="2023-08-20T02:04:21+06:00" level=info msg="create router" func="main.main()" file="main.go:25"
time="2023-08-20T02:04:21+06:00" level=info msg="Load config" func="rest-api-go/internal/config.GetConfig.func1()" file="config.go:34"
time="2023-08-20T02:04:21+06:00" level=info msg="register handlers" func="main.main()" file="main.go:41"
time="2023-08-20T02:04:21+06:00" level=info msg="run server" func="main.run()" file="main.go:48"
time="2023-08-20T02:04:21+06:00" level=info msg="Server is listening port 0.0.0.0:8080" func="main.run()" file="main.go:66"
time="2023-08-20T02:05:59+06:00" level=info msg="create router" func="main.main()" file="main.go:25"
time="2023-08-20T02:05:59+06:00" level=info msg="Load config" func="rest-api-go/internal/config.GetConfig.func1()" file="config.go:34"
time="2023-08-20T02:05:59+06:00" level=info msg="register handlers" func="main.main()" file="main.go:41"
time="2023-08-20T02:05:59+06:00" level=info msg="run server" func="main.run()" file="main.go:48"
time="2023-08-20T02:05:59+06:00" level=info msg="Server is listening port 0.0.0.0:8080" func="main.run()" file="main.go:66"
time="2023-08-20T02:37:14+06:00" level=info msg="create router" func="main.main()" file="main.go:25"
time="2023-08-20T02:37:14+06:00" level=info msg="Load config" func="rest-api-go/internal/config.GetConfig.func1()" file="config.go:34"
time="2023-08-20T02:37:14+06:00" level=info msg="register handlers" func="main.main()" file="main.go:40"
time="2023-08-20T02:37:14+06:00" level=info msg="run server" func="main.run()" file="main.go:47"
time="2023-08-20T02:37:14+06:00" level=info msg="Server is listening port 0.0.0.0:8080" func="main.run()" file="main.go:65"
time="2023-08-20T02:37:23+06:00" level=info msg="GET USER" func="rest-api-go/internal/handlers/user.(*UserHandler).GetUserByUUID()" file="handler.go:65"
time="2023-08-20T02:37:23+06:00" level=debug msg="get uuid from context" func="rest-api-go/internal/handlers/user.(*UserHandler).GetUserByUUID()" file="handler.go:68"
time="2023-08-20T02:37:52+06:00" level=info msg="GET USER" func="rest-api-go/internal/handlers/user.(*UserHandler).GetUserByUUID()" file="handler.go:65"
time="2023-08-20T02:37:52+06:00" level=debug msg="get uuid from context" func="rest-api-go/internal/handlers/user.(*UserHandler).GetUserByUUID()" file="handler.go:68"
time="2023-08-20T02:37:52+06:00" level=debug msg="marshal user" func="rest-api-go/internal/handlers/user.(*UserHandler).GetUserByUUID()" file="handler.go:77"
time="2023-08-20T22:18:04+06:00" level=info msg="create router" func="main.main()" file="main.go:25"
time="2023-08-20T22:18:04+06:00" level=info msg="Load config" func="rest-api-go/internal/config.GetConfig.func1()" file="config.go:34"
time="2023-08-20T22:18:53+06:00" level=info msg="create router" func="main.main()" file="main.go:25"
time="2023-08-20T22:18:53+06:00" level=info msg="Load config" func="rest-api-go/internal/config.GetConfig.func1()" file="config.go:34"
time="2023-08-20T22:18:53+06:00" level=info msg="register handlers" func="main.main()" file="main.go:40"
time="2023-08-20T22:18:53+06:00" level=info msg="run server" func="main.run()" file="main.go:47"
time="2023-08-20T22:18:53+06:00" level=info msg="Server is listening port 0.0.0.0:8080" func="main.run()" file="main.go:65"
time="2023-08-20T22:19:17+06:00" level=info msg="GET USER" func="rest-api-go/internal/handlers/user.(*UserHandler).GetUserByUUID()" file="handler.go:80"
time="2023-08-20T22:19:17+06:00" level=debug msg="get uuid from context" func="rest-api-go/internal/handlers/user.(*UserHandler).GetUserByUUID()" file="handler.go:83"
time="2023-08-20T22:19:17+06:00" level=debug msg="marshal user" func="rest-api-go/internal/handlers/user.(*UserHandler).GetUserByUUID()" file="handler.go:92"
time="2023-08-20T23:07:25+06:00" level=info msg="CREATE USER" func="rest-api-go/internal/handlers/user.(*UserHandler).CreateUser()" file="handler.go:60"
time="2023-08-20T23:07:25+06:00" level=debug msg="decode create user dto" func="rest-api-go/internal/handlers/user.(*UserHandler).CreateUser()" file="handler.go:63"
time="2023-08-20T23:07:25+06:00" level=debug msg="check password and repeat password" func="rest-api-go/internal/service/domain/user.(*UserService).Create()" file="user.go:21"
time="2023-08-20T23:07:25+06:00" level=debug msg="generate password hash" func="rest-api-go/internal/service/domain/user.(*UserService).Create()" file="user.go:34"
time="2023-08-20T23:07:25+06:00" level=debug msg="create user" func="rest-api-go/internal/storage/mongodb/user.(*UserRepository).Create()" file="user.go:22"
time="2023-08-20T23:07:25+06:00" level=debug msg="convert objectId to hex" func="rest-api-go/internal/storage/mongodb/user.(*UserRepository).Create()" file="user.go:27"
time="2023-08-20T23:11:56+06:00" level=info msg="CREATE USER" func="rest-api-go/internal/handlers/user.(*UserHandler).CreateUser()" file="handler.go:60"
time="2023-08-20T23:11:56+06:00" level=debug msg="decode create user dto" func="rest-api-go/internal/handlers/user.(*UserHandler).CreateUser()" file="handler.go:63"
time="2023-08-20T23:11:56+06:00" level=debug msg="check password and repeat password" func="rest-api-go/internal/service/domain/user.(*UserService).Create()" file="user.go:21"
time="2023-08-20T23:11:56+06:00" level=debug msg="generate password hash" func="rest-api-go/internal/service/domain/user.(*UserService).Create()" file="user.go:34"
time="2023-08-20T23:11:56+06:00" level=debug msg="create user" func="rest-api-go/internal/storage/mongodb/user.(*UserRepository).Create()" file="user.go:22"
time="2023-08-20T23:11:56+06:00" level=debug msg="convert objectId to hex" func="rest-api-go/internal/storage/mongodb/user.(*UserRepository).Create()" file="user.go:27"
time="2023-08-20T23:12:28+06:00" level=info msg="create router" func="main.main()" file="main.go:25"
time="2023-08-20T23:12:28+06:00" level=info msg="Load config" func="rest-api-go/internal/config.GetConfig.func1()" file="config.go:34"
time="2023-08-20T23:12:28+06:00" level=info msg="register handlers" func="main.main()" file="main.go:40"
time="2023-08-20T23:12:28+06:00" level=info msg="run server" func="main.run()" file="main.go:47"
time="2023-08-20T23:12:28+06:00" level=info msg="Server is listening port 0.0.0.0:8080" func="main.run()" file="main.go:65"
time="2023-08-20T23:12:41+06:00" level=info msg="CREATE USER" func="rest-api-go/internal/handlers/user.(*UserHandler).CreateUser()" file="handler.go:83"
time="2023-08-20T23:12:41+06:00" level=debug msg="decode create user dto" func="rest-api-go/internal/handlers/user.(*UserHandler).CreateUser()" file="handler.go:86"
time="2023-08-20T23:12:41+06:00" level=debug msg="check password and repeat password" func="rest-api-go/internal/service/domain/user.(*UserService).Create()" file="user.go:21"
time="2023-08-20T23:12:41+06:00" level=debug msg="generate password hash" func="rest-api-go/internal/service/domain/user.(*UserService).Create()" file="user.go:34"
time="2023-08-20T23:12:41+06:00" level=debug msg="create user" func="rest-api-go/internal/storage/mongodb/user.(*UserRepository).Create()" file="user.go:22"
time="2023-08-20T23:12:41+06:00" level=debug msg="convert objectId to hex" func="rest-api-go/internal/storage/mongodb/user.(*UserRepository).Create()" file="user.go:27"
time="2023-08-20T23:17:44+06:00" level=info msg="create router" func="main.main()" file="main.go:25"
time="2023-08-20T23:17:44+06:00" level=info msg="Load config" func="rest-api-go/internal/config.GetConfig.func1()" file="config.go:34"
time="2023-08-20T23:17:44+06:00" level=info msg="register handlers" func="main.main()" file="main.go:40"
time="2023-08-20T23:17:44+06:00" level=info msg="run server" func="main.run()" file="main.go:47"
time="2023-08-20T23:17:44+06:00" level=info msg="Server is listening port 0.0.0.0:8080" func="main.run()" file="main.go:65"
time="2023-08-20T23:19:07+06:00" level=info msg="PARTIALLY UPDATE USER" func="rest-api-go/internal/handlers/user.(*UserHandler).UpdateUser()" file="handler.go:104"
time="2023-08-20T23:19:07+06:00" level=debug msg="decode update user dto" func="rest-api-go/internal/handlers/user.(*UserHandler).UpdateUser()" file="handler.go:110"
time="2023-08-20T23:19:07+06:00" level=debug msg="compare old and new passwords" func="rest-api-go/internal/service/domain/user.(*UserService).Update()" file="user.go:76"
time="2023-08-20T23:19:07+06:00" level=debug msg="get user by uuid" func="rest-api-go/internal/service/domain/user.(*UserService).Update()" file="user.go:78"
time="2023-08-20T23:19:07+06:00" level=debug msg="compare hash current password and old password" func="rest-api-go/internal/service/domain/user.(*UserService).Update()" file="user.go:84"
time="2023-08-20T23:22:21+06:00" level=info msg="create router" func="main.main()" file="main.go:25"
time="2023-08-20T23:22:21+06:00" level=info msg="Load config" func="rest-api-go/internal/config.GetConfig.func1()" file="config.go:34"
time="2023-08-20T23:22:21+06:00" level=info msg="register handlers" func="main.main()" file="main.go:40"
time="2023-08-20T23:22:21+06:00" level=info msg="run server" func="main.run()" file="main.go:47"
time="2023-08-20T23:22:21+06:00" level=info msg="Server is listening port 0.0.0.0:8080" func="main.run()" file="main.go:65"
time="2023-08-20T23:22:22+06:00" level=info msg="PARTIALLY UPDATE USER" func="rest-api-go/internal/handlers/user.(*UserHandler).UpdateUser()" file="handler.go:104"
time="2023-08-20T23:22:22+06:00" level=debug msg="decode update user dto" func="rest-api-go/internal/handlers/user.(*UserHandler).UpdateUser()" file="handler.go:110"
time="2023-08-20T23:22:22+06:00" level=info msg="update user with uuid: {64de2e216f4f320f1021def1 newkuku@yandex.ru    }" func="rest-api-go/internal/handlers/user.(*UserHandler).UpdateUser()" file="handler.go:118"
time="2023-08-20T23:22:22+06:00" level=debug msg="compare old and new passwords" func="rest-api-go/internal/service/domain/user.(*UserService).Update()" file="user.go:76"
time="2023-08-20T23:22:22+06:00" level=debug msg="get user by uuid" func="rest-api-go/internal/service/domain/user.(*UserService).Update()" file="user.go:78"
time="2023-08-20T23:22:23+06:00" level=debug msg="compare hash current password and old password" func="rest-api-go/internal/service/domain/user.(*UserService).Update()" file="user.go:84"
time="2023-08-20T23:22:49+06:00" level=info msg="create router" func="main.main()" file="main.go:25"
time="2023-08-20T23:22:49+06:00" level=info msg="Load config" func="rest-api-go/internal/config.GetConfig.func1()" file="config.go:34"
time="2023-08-20T23:22:49+06:00" level=info msg="register handlers" func="main.main()" file="main.go:40"
time="2023-08-20T23:22:49+06:00" level=info msg="run server" func="main.run()" file="main.go:47"
time="2023-08-20T23:22:49+06:00" level=info msg="Server is listening port 0.0.0.0:8080" func="main.run()" file="main.go:65"
time="2023-08-20T23:22:53+06:00" level=info msg="PARTIALLY UPDATE USER" func="rest-api-go/internal/handlers/user.(*UserHandler).UpdateUser()" file="handler.go:104"
time="2023-08-20T23:22:53+06:00" level=debug msg="decode update user dto" func="rest-api-go/internal/handlers/user.(*UserHandler).UpdateUser()" file="handler.go:110"
time="2023-08-20T23:22:53+06:00" level=info msg="update user with uuid: {64de2e216f4f320f1021def1 newkuku@yandex.ru    }+" func="rest-api-go/internal/handlers/user.(*UserHandler).UpdateUser()" file="handler.go:118"
time="2023-08-20T23:22:53+06:00" level=debug msg="compare old and new passwords" func="rest-api-go/internal/service/domain/user.(*UserService).Update()" file="user.go:76"
time="2023-08-20T23:22:53+06:00" level=debug msg="get user by uuid" func="rest-api-go/internal/service/domain/user.(*UserService).Update()" file="user.go:78"
time="2023-08-20T23:22:53+06:00" level=debug msg="compare hash current password and old password" func="rest-api-go/internal/service/domain/user.(*UserService).Update()" file="user.go:84"
time="2023-08-20T23:23:57+06:00" level=info msg="create router" func="main.main()" file="main.go:25"
time="2023-08-20T23:23:57+06:00" level=info msg="Load config" func="rest-api-go/internal/config.GetConfig.func1()" file="config.go:34"
time="2023-08-20T23:23:57+06:00" level=info msg="register handlers" func="main.main()" file="main.go:40"
time="2023-08-20T23:23:57+06:00" level=info msg="run server" func="main.run()" file="main.go:47"
time="2023-08-20T23:23:57+06:00" level=info msg="Server is listening port 0.0.0.0:8080" func="main.run()" file="main.go:65"
time="2023-08-20T23:24:01+06:00" level=info msg="PARTIALLY UPDATE USER" func="rest-api-go/internal/handlers/user.(*UserHandler).UpdateUser()" file="handler.go:104"
time="2023-08-20T23:24:01+06:00" level=debug msg="decode update user dto" func="rest-api-go/internal/handlers/user.(*UserHandler).UpdateUser()" file="handler.go:110"
time="2023-08-20T23:24:01+06:00" level=info msg="update user with uuid: {ID:64de2e216f4f320f1021def1 Email:newkuku@yandex.ru Password: Username: OldPassword: NewPassword:}" func="rest-api-go/internal/handlers/user.(*UserHandler).UpdateUser()" file="handler.go:118"
time="2023-08-20T23:24:01+06:00" level=debug msg="compare old and new passwords" func="rest-api-go/internal/service/domain/user.(*UserService).Update()" file="user.go:76"
time="2023-08-20T23:24:01+06:00" level=debug msg="get user by uuid" func="rest-api-go/internal/service/domain/user.(*UserService).Update()" file="user.go:78"
time="2023-08-20T23:24:01+06:00" level=debug msg="compare hash current password and old password" func="rest-api-go/internal/service/domain/user.(*UserService).Update()" file="user.go:84"
time="2023-08-20T23:26:22+06:00" level=info msg="create router" func="main.main()" file="main.go:25"
time="2023-08-20T23:26:22+06:00" level=info msg="Load config" func="rest-api-go/internal/config.GetConfig.func1()" file="config.go:34"
time="2023-08-20T23:26:22+06:00" level=info msg="register handlers" func="main.main()" file="main.go:40"
time="2023-08-20T23:26:22+06:00" level=info msg="run server" func="main.run()" file="main.go:47"
time="2023-08-20T23:26:22+06:00" level=info msg="Server is listening port 0.0.0.0:8080" func="main.run()" file="main.go:65"
time="2023-08-20T23:26:23+06:00" level=info msg="PARTIALLY UPDATE USER" func="rest-api-go/internal/handlers/user.(*UserHandler).UpdateUser()" file="handler.go:104"
time="2023-08-20T23:26:23+06:00" level=debug msg="decode update user dto" func="rest-api-go/internal/handlers/user.(*UserHandler).UpdateUser()" file="handler.go:110"
time="2023-08-20T23:26:23+06:00" level=debug msg="compare old and new passwords" func="rest-api-go/internal/service/domain/user.(*UserService).Update()" file="user.go:76"
time="2023-08-20T23:26:23+06:00" level=debug msg="get user by uuid" func="rest-api-go/internal/service/domain/user.(*UserService).Update()" file="user.go:78"
time="2023-08-20T23:26:23+06:00" level=info msg="update user with uuid: {ID:64de2e216f4f320f1021def1 Username:kuku1818 PasswordHash:12345 Email:kuku@ya.ru}" func="rest-api-go/internal/service/domain/user.(*UserService).Update()" file="user.go:80"
time="2023-08-20T23:26:23+06:00" level=debug msg="compare hash current password and old password" func="rest-api-go/internal/service/domain/user.(*UserService).Update()" file="user.go:85"
time="2023-08-20T23:28:11+06:00" level=info msg="create router" func="main.main()" file="main.go:25"
time="2023-08-20T23:28:11+06:00" level=info msg="Load config" func="rest-api-go/internal/config.GetConfig.func1()" file="config.go:34"
time="2023-08-20T23:28:11+06:00" level=info msg="register handlers" func="main.main()" file="main.go:40"
time="2023-08-20T23:28:11+06:00" level=info msg="run server" func="main.run()" file="main.go:47"
time="2023-08-20T23:28:11+06:00" level=info msg="Server is listening port 0.0.0.0:8080" func="main.run()" file="main.go:65"
time="2023-08-20T23:28:12+06:00" level=info msg="PARTIALLY UPDATE USER" func="rest-api-go/internal/handlers/user.(*UserHandler).UpdateUser()" file="handler.go:104"
time="2023-08-20T23:28:12+06:00" level=debug msg="decode update user dto" func="rest-api-go/internal/handlers/user.(*UserHandler).UpdateUser()" file="handler.go:110"
time="2023-08-20T23:28:12+06:00" level=debug msg="compare old and new passwords" func="rest-api-go/internal/service/domain/user.(*UserService).Update()" file="user.go:76"
time="2023-08-20T23:28:12+06:00" level=debug msg="get user by uuid" func="rest-api-go/internal/service/domain/user.(*UserService).Update()" file="user.go:78"
time="2023-08-20T23:28:12+06:00" level=debug msg="compare hash current password and old password" func="rest-api-go/internal/service/domain/user.(*UserService).Update()" file="user.go:84"
time="2023-08-20T23:30:54+06:00" level=info msg="PARTIALLY UPDATE USER" func="rest-api-go/internal/handlers/user.(*UserHandler).UpdateUser()" file="handler.go:104"
time="2023-08-20T23:30:54+06:00" level=debug msg="decode update user dto" func="rest-api-go/internal/handlers/user.(*UserHandler).UpdateUser()" file="handler.go:110"
time="2023-08-20T23:33:11+06:00" level=info msg="PARTIALLY UPDATE USER" func="rest-api-go/internal/handlers/user.(*UserHandler).UpdateUser()" file="handler.go:104"
time="2023-08-20T23:33:11+06:00" level=debug msg="decode update user dto" func="rest-api-go/internal/handlers/user.(*UserHandler).UpdateUser()" file="handler.go:110"
time="2023-08-20T23:38:06+06:00" level=info msg="PARTIALLY UPDATE USER" func="rest-api-go/internal/handlers/user.(*UserHandler).UpdateUser()" file="handler.go:104"
time="2023-08-20T23:38:06+06:00" level=debug msg="decode update user dto" func="rest-api-go/internal/handlers/user.(*UserHandler).UpdateUser()" file="handler.go:110"
time="2023-08-20T23:38:51+06:00" level=info msg="create router" func="main.main()" file="main.go:25"
time="2023-08-20T23:38:51+06:00" level=info msg="Load config" func="rest-api-go/internal/config.GetConfig.func1()" file="config.go:34"
time="2023-08-20T23:38:51+06:00" level=info msg="register handlers" func="main.main()" file="main.go:40"
time="2023-08-20T23:38:51+06:00" level=info msg="run server" func="main.run()" file="main.go:47"
time="2023-08-20T23:38:51+06:00" level=info msg="Server is listening port 0.0.0.0:8080" func="main.run()" file="main.go:65"
time="2023-08-20T23:38:54+06:00" level=info msg="PARTIALLY UPDATE USER" func="rest-api-go/internal/handlers/user.(*UserHandler).UpdateUser()" file="handler.go:104"
time="2023-08-20T23:38:54+06:00" level=debug msg="decode update user dto" func="rest-api-go/internal/handlers/user.(*UserHandler).UpdateUser()" file="handler.go:110"
time="2023-08-20T23:38:54+06:00" level=info msg="request body: &{src:0x140000aa840 hdr:<nil> r:<nil> closing:false doEarlyClose:true mu:{state:0 sema:0} sawEOF:false closed:false earlyClose:false onHitEOF:0x1050372d0}" func="rest-api-go/internal/handlers/user.(*UserHandler).UpdateUser()" file="handler.go:113"
time="2023-08-20T23:43:22+06:00" level=info msg="PARTIALLY UPDATE USER" func="rest-api-go/internal/handlers/user.(*UserHandler).UpdateUser()" file="handler.go:104"
time="2023-08-20T23:43:22+06:00" level=debug msg="decode update user dto" func="rest-api-go/internal/handlers/user.(*UserHandler).UpdateUser()" file="handler.go:110"
time="2023-08-20T23:43:22+06:00" level=info msg="request body: &{src:0x1400000c558 hdr:<nil> r:<nil> closing:false doEarlyClose:true mu:{state:0 sema:0} sawEOF:false closed:false earlyClose:false onHitEOF:0x1050372d0}" func="rest-api-go/internal/handlers/user.(*UserHandler).UpdateUser()" file="handler.go:113"
time="2023-08-20T23:47:51+06:00" level=info msg="PARTIALLY UPDATE USER" func="rest-api-go/internal/handlers/user.(*UserHandler).UpdateUser()" file="handler.go:104"
time="2023-08-20T23:47:51+06:00" level=debug msg="decode update user dto" func="rest-api-go/internal/handlers/user.(*UserHandler).UpdateUser()" file="handler.go:110"
time="2023-08-20T23:47:51+06:00" level=info msg="request body: &{src:0x1400020f320 hdr:<nil> r:<nil> closing:false doEarlyClose:true mu:{state:0 sema:0} sawEOF:false closed:false earlyClose:false onHitEOF:0x1050372d0}" func="rest-api-go/internal/handlers/user.(*UserHandler).UpdateUser()" file="handler.go:113"
time="2023-08-20T23:47:51+06:00" level=debug msg="compare old and new passwords" func="rest-api-go/internal/service/domain/user.(*UserService).Update()" file="user.go:76"
time="2023-08-20T23:47:51+06:00" level=debug msg="get user by uuid" func="rest-api-go/internal/service/domain/user.(*UserService).Update()" file="user.go:78"
time="2023-08-20T23:47:51+06:00" level=debug msg="compare hash current password and old password" func="rest-api-go/internal/service/domain/user.(*UserService).Update()" file="user.go:84"
time="2023-08-20T23:48:24+06:00" level=info msg="PARTIALLY UPDATE USER" func="rest-api-go/internal/handlers/user.(*UserHandler).UpdateUser()" file="handler.go:104"
time="2023-08-20T23:48:24+06:00" level=debug msg="decode update user dto" func="rest-api-go/internal/handlers/user.(*UserHandler).UpdateUser()" file="handler.go:110"
time="2023-08-20T23:48:24+06:00" level=info msg="request body: &{src:0x1400020f5c0 hdr:<nil> r:<nil> closing:false doEarlyClose:true mu:{state:0 sema:0} sawEOF:false closed:false earlyClose:false onHitEOF:0x1050372d0}" func="rest-api-go/internal/handlers/user.(*UserHandler).UpdateUser()" file="handler.go:113"
time="2023-08-20T23:48:24+06:00" level=debug msg="compare old and new passwords" func="rest-api-go/internal/service/domain/user.(*UserService).Update()" file="user.go:76"
time="2023-08-20T23:48:24+06:00" level=debug msg="get user by uuid" func="rest-api-go/internal/service/domain/user.(*UserService).Update()" file="user.go:78"
time="2023-08-20T23:48:24+06:00" level=debug msg="compare hash current password and old password" func="rest-api-go/internal/service/domain/user.(*UserService).Update()" file="user.go:84"
time="2023-08-20T23:48:24+06:00" level=debug msg="generate password hash" func="rest-api-go/internal/service/domain/user.(*UserService).Update()" file="user.go:94"
time="2023-08-20T23:48:24+06:00" level=info msg="update user with uuid: &{ID: Username: PasswordHash:$2a$04$SukEih.LUMFaXmB2mrjeoOJlmWK5W/qYPTIrirt9Y4wEnegCMRiJ2 Email:newkuku@yandex.ru}" func="rest-api-go/internal/service/domain/user.(*UserService).Update()" file="user.go:101"
time="2023-08-21T03:03:32+06:00" level=info msg="create router" func="main.main()" file="main.go:25"
time="2023-08-21T03:03:32+06:00" level=info msg="Load config" func="rest-api-go/internal/config.GetConfig.func1()" file="config.go:34"
time="2023-08-21T03:03:32+06:00" level=info msg="register handlers" func="main.main()" file="main.go:40"
time="2023-08-21T03:03:32+06:00" level=info msg="run server" func="main.run()" file="main.go:47"
time="2023-08-21T03:03:32+06:00" level=info msg="Server is listening port 0.0.0.0:8080" func="main.run()" file="main.go:65"
time="2023-08-21T03:03:33+06:00" level=info msg="PARTIALLY UPDATE USER" func="rest-api-go/internal/handlers/user.(*UserHandler).UpdateUser()" file="handler.go:104"
time="2023-08-21T03:03:33+06:00" level=debug msg="decode update user dto" func="rest-api-go/internal/handlers/user.(*UserHandler).UpdateUser()" file="handler.go:110"
time="2023-08-21T03:03:33+06:00" level=debug msg="compare old and new passwords" func="rest-api-go/internal/service/domain/user.(*UserService).Update()" file="user.go:76"
time="2023-08-21T03:03:33+06:00" level=debug msg="get user by uuid" func="rest-api-go/internal/service/domain/user.(*UserService).Update()" file="user.go:78"
time="2023-08-21T03:03:33+06:00" level=debug msg="compare hash current password and old password" func="rest-api-go/internal/service/domain/user.(*UserService).Update()" file="user.go:84"
time="2023-08-21T03:03:33+06:00" level=debug msg="generate password hash" func="rest-api-go/internal/service/domain/user.(*UserService).Update()" file="user.go:94"
time="2023-08-21T03:03:33+06:00" level=info msg="update user with uuid: &{ID:64e249892c4594b329e377a9 Username: PasswordHash:$2a$04$DLH3dmHI/27ibRrVVCyy2e32N2pDdAIVoZOZX6fnAIKcIAKZqzOXS Email:newkuku@yandex.ru}" func="rest-api-go/internal/service/domain/user.(*UserService).Update()" file="user.go:101"
time="2023-08-21T03:03:33+06:00" level=trace msg="Matched 1, documents and updated 1 documents.\n" func="rest-api-go/internal/storage/mongodb/user.(*UserRepository).Update()" file="user.go:90"
time="2023-08-21T19:49:27+06:00" level=info msg="create router" func="main.main()" file="main.go:25"
time="2023-08-21T19:49:27+06:00" level=info msg="Load config" func="rest-api-go/internal/config.GetConfig.func1()" file="config.go:34"
time="2023-08-21T19:49:27+06:00" level=info msg="register handlers" func="main.main()" file="main.go:40"
time="2023-08-21T19:49:27+06:00" level=info msg="run server" func="main.run()" file="main.go:47"
time="2023-08-21T19:49:27+06:00" level=info msg="Server is listening port 0.0.0.0:8080" func="main.run()" file="main.go:65"
time="2023-08-21T19:50:24+06:00" level=info msg="create router" func="main.main()" file="main.go:25"
time="2023-08-21T19:50:24+06:00" level=info msg="Load config" func="rest-api-go/internal/config.GetConfig.func1()" file="config.go:34"
time="2023-08-21T19:50:24+06:00" level=info msg="register handlers" func="main.main()" file="main.go:40"
time="2023-08-21T19:50:24+06:00" level=info msg="run server" func="main.run()" file="main.go:47"
time="2023-08-21T19:50:24+06:00" level=info msg="Server is listening port 0.0.0.0:8080" func="main.run()" file="main.go:65"
time="2023-08-21T19:50:25+06:00" level=info msg="DELETE USER" func="rest-api-go/internal/handlers/user.(*UserHandler).DeleteUser()" file="handler.go:127"
time="2023-08-21T19:50:25+06:00" level=debug msg="get uuid from context" func="rest-api-go/internal/handlers/user.(*UserHandler).DeleteUser()" file="handler.go:130"
time="2023-08-21T19:50:25+06:00" level=trace msg="Deleted 1 documents.\n" func="rest-api-go/internal/storage/mongodb/user.(*UserRepository).Delete()" file="user.go:107"
time="2023-08-21T19:58:55+06:00" level=info msg="create router" func="main.main()" file="main.go:25"
time="2023-08-21T19:58:55+06:00" level=info msg="Load config" func="rest-api-go/internal/config.GetConfig.func1()" file="config.go:34"
time="2023-08-21T19:58:55+06:00" level=info msg="register handlers" func="main.main()" file="main.go:40"
time="2023-08-21T19:58:55+06:00" level=info msg="run server" func="main.run()" file="main.go:47"
time="2023-08-21T19:58:55+06:00" level=info msg="Server is listening port 0.0.0.0:8080" func="main.run()" file="main.go:65"
time="2023-08-21T19:59:20+06:00" level=info msg="PARTIALLY UPDATE USER" func="rest-api-go/internal/handlers/user.(*UserHandler).UpdateUser()" file="handler.go:104"
time="2023-08-21T19:59:20+06:00" level=debug msg="decode update user dto" func="rest-api-go/internal/handlers/user.(*UserHandler).UpdateUser()" file="handler.go:110"
time="2023-08-21T19:59:20+06:00" level=debug msg="compare old and new passwords" func="rest-api-go/internal/service/domain/user.(*UserService).Update()" file="user.go:76"
time="2023-08-21T19:59:20+06:00" level=debug msg="get user by uuid" func="rest-api-go/internal/service/domain/user.(*UserService).Update()" file="user.go:78"
time="2023-08-21T19:59:20+06:00" level=debug msg="compare hash current password and old password" func="rest-api-go/internal/service/domain/user.(*UserService).Update()" file="user.go:84"
time="2023-08-21T20:03:36+06:00" level=info msg="PARTIALLY UPDATE USER" func="rest-api-go/internal/handlers/user.(*UserHandler).UpdateUser()" file="handler.go:104"
time="2023-08-21T20:03:36+06:00" level=debug msg="decode update user dto" func="rest-api-go/internal/handlers/user.(*UserHandler).UpdateUser()" file="handler.go:110"
time="2023-08-21T20:03:44+06:00" level=info msg="PARTIALLY UPDATE USER" func="rest-api-go/internal/handlers/user.(*UserHandler).UpdateUser()" file="handler.go:104"
time="2023-08-21T20:03:44+06:00" level=debug msg="decode update user dto" func="rest-api-go/internal/handlers/user.(*UserHandler).UpdateUser()" file="handler.go:110"
time="2023-08-21T20:03:44+06:00" level=debug msg="compare old and new passwords" func="rest-api-go/internal/service/domain/user.(*UserService).Update()" file="user.go:76"
time="2023-08-21T20:03:44+06:00" level=debug msg="get user by uuid" func="rest-api-go/internal/service/domain/user.(*UserService).Update()" file="user.go:78"
time="2023-08-21T20:03:44+06:00" level=debug msg="compare hash current password and old password" func="rest-api-go/internal/service/domain/user.(*UserService).Update()" file="user.go:84"
time="2023-08-21T20:06:33+06:00" level=info msg="PARTIALLY UPDATE USER" func="rest-api-go/internal/handlers/user.(*UserHandler).UpdateUser()" file="handler.go:104"
time="2023-08-21T20:06:33+06:00" level=debug msg="decode update user dto" func="rest-api-go/internal/handlers/user.(*UserHandler).UpdateUser()" file="handler.go:110"
time="2023-08-21T20:06:33+06:00" level=debug msg="compare old and new passwords" func="rest-api-go/internal/service/domain/user.(*UserService).Update()" file="user.go:76"
time="2023-08-21T20:06:33+06:00" level=debug msg="get user by uuid" func="rest-api-go/internal/service/domain/user.(*UserService).Update()" file="user.go:78"
time="2023-08-21T20:06:33+06:00" level=debug msg="compare hash current password and old password" func="rest-api-go/internal/service/domain/user.(*UserService).Update()" file="user.go:84"
time="2023-08-21T20:07:48+06:00" level=info msg="CREATE USER" func="rest-api-go/internal/handlers/user.(*UserHandler).CreateUser()" file="handler.go:83"
time="2023-08-21T20:07:48+06:00" level=debug msg="decode create user dto" func="rest-api-go/internal/handlers/user.(*UserHandler).CreateUser()" file="handler.go:86"
time="2023-08-21T20:07:48+06:00" level=debug msg="check password and repeat password" func="rest-api-go/internal/service/domain/user.(*UserService).Create()" file="user.go:21"
time="2023-08-21T20:07:48+06:00" level=debug msg="generate password hash" func="rest-api-go/internal/service/domain/user.(*UserService).Create()" file="user.go:34"
time="2023-08-21T20:07:48+06:00" level=debug msg="create user" func="rest-api-go/internal/storage/mongodb/user.(*UserRepository).Create()" file="user.go:22"
time="2023-08-21T20:07:48+06:00" level=debug msg="convert objectId to hex" func="rest-api-go/internal/storage/mongodb/user.(*UserRepository).Create()" file="user.go:27"
time="2023-08-21T20:07:52+06:00" level=info msg="CREATE USER" func="rest-api-go/internal/handlers/user.(*UserHandler).CreateUser()" file="handler.go:83"
time="2023-08-21T20:07:52+06:00" level=debug msg="decode create user dto" func="rest-api-go/internal/handlers/user.(*UserHandler).CreateUser()" file="handler.go:86"
time="2023-08-21T20:07:52+06:00" level=debug msg="check password and repeat password" func="rest-api-go/internal/service/domain/user.(*UserService).Create()" file="user.go:21"
time="2023-08-21T20:07:52+06:00" level=debug msg="generate password hash" func="rest-api-go/internal/service/domain/user.(*UserService).Create()" file="user.go:34"
time="2023-08-21T20:07:52+06:00" level=debug msg="create user" func="rest-api-go/internal/storage/mongodb/user.(*UserRepository).Create()" file="user.go:22"
time="2023-08-21T20:07:52+06:00" level=debug msg="convert objectId to hex" func="rest-api-go/internal/storage/mongodb/user.(*UserRepository).Create()" file="user.go:27"
time="2023-08-21T20:10:20+06:00" level=info msg="PARTIALLY UPDATE USER" func="rest-api-go/internal/handlers/user.(*UserHandler).UpdateUser()" file="handler.go:104"
time="2023-08-21T20:10:20+06:00" level=debug msg="decode update user dto" func="rest-api-go/internal/handlers/user.(*UserHandler).UpdateUser()" file="handler.go:110"
time="2023-08-21T20:10:20+06:00" level=debug msg="compare old and new passwords" func="rest-api-go/internal/service/domain/user.(*UserService).Update()" file="user.go:76"
time="2023-08-21T20:10:20+06:00" level=debug msg="get user by uuid" func="rest-api-go/internal/service/domain/user.(*UserService).Update()" file="user.go:78"
time="2023-08-21T20:10:20+06:00" level=debug msg="compare hash current password and old password" func="rest-api-go/internal/service/domain/user.(*UserService).Update()" file="user.go:84"
time="2023-08-21T20:10:20+06:00" level=debug msg="generate password hash" func="rest-api-go/internal/service/domain/user.(*UserService).Update()" file="user.go:94"
time="2023-08-21T20:10:20+06:00" level=info msg="update user with uuid: &{ID:64e36fb8558d0a2a2217ad7c Username:moimou PasswordHash:$2a$04$h/Nj26IIzSx4F8Dk.l27suAbxgtG.TSW8wU5WKzvvXWCiaCFmfc7S Email:newkuku@yandex.ru}" func="rest-api-go/internal/service/domain/user.(*UserService).Update()" file="user.go:101"
time="2023-08-21T20:10:20+06:00" level=trace msg="Matched 1, documents and updated 1 documents.\n" func="rest-api-go/internal/storage/mongodb/user.(*UserRepository).Update()" file="user.go:103"
time="2023-08-21T20:10:44+06:00" level=info msg="PARTIALLY UPDATE USER" func="rest-api-go/internal/handlers/user.(*UserHandler).UpdateUser()" file="handler.go:104"
time="2023-08-21T20:10:44+06:00" level=debug msg="decode update user dto" func="rest-api-go/internal/handlers/user.(*UserHandler).UpdateUser()" file="handler.go:110"
time="2023-08-21T20:10:44+06:00" level=debug msg="compare old and new passwords" func="rest-api-go/internal/service/domain/user.(*UserService).Update()" file="user.go:76"
time="2023-08-21T20:10:44+06:00" level=debug msg="get user by uuid" func="rest-api-go/internal/service/domain/user.(*UserService).Update()" file="user.go:78"
time="2023-08-21T20:10:44+06:00" level=debug msg="compare hash current password and old password" func="rest-api-go/internal/service/domain/user.(*UserService).Update()" file="user.go:84"
time="2023-08-21T20:11:12+06:00" level=info msg="PARTIALLY UPDATE USER" func="rest-api-go/internal/handlers/user.(*UserHandler).UpdateUser()" file="handler.go:104"
time="2023-08-21T20:11:12+06:00" level=debug msg="decode update user dto" func="rest-api-go/internal/handlers/user.(*UserHandler).UpdateUser()" file="handler.go:110"
time="2023-08-21T20:11:12+06:00" level=debug msg="compare old and new passwords" func="rest-api-go/internal/service/domain/user.(*UserService).Update()" file="user.go:76"
time="2023-08-21T20:11:12+06:00" level=debug msg="get user by uuid" func="rest-api-go/internal/service/domain/user.(*UserService).Update()" file="user.go:78"
time="2023-08-21T20:11:12+06:00" level=debug msg="compare hash current password and old password" func="rest-api-go/internal/service/domain/user.(*UserService).Update()" file="user.go:84"
time="2023-08-21T20:11:12+06:00" level=debug msg="generate password hash" func="rest-api-go/internal/service/domain/user.(*UserService).Update()" file="user.go:94"
time="2023-08-21T20:11:12+06:00" level=info msg="update user with uuid: &{ID:64e36fb8558d0a2a2217ad7c Username:moimou PasswordHash:$2a$04$GuigNHaogNoMkOLh86NKBuesO0dNb5wSY8vkX1ba3rmIV/tX4wbh. Email:newkuku@yandex.ru}" func="rest-api-go/internal/service/domain/user.(*UserService).Update()" file="user.go:101"
time="2023-08-21T20:11:12+06:00" level=trace msg="Matched 1, documents and updated 1 documents.\n" func="rest-api-go/internal/storage/mongodb/user.(*UserRepository).Update()" file="user.go:103"
time="2023-08-21T20:11:44+06:00" level=info msg="PARTIALLY UPDATE USER" func="rest-api-go/internal/handlers/user.(*UserHandler).UpdateUser()" file="handler.go:104"
time="2023-08-21T20:11:44+06:00" level=debug msg="decode update user dto" func="rest-api-go/internal/handlers/user.(*UserHandler).UpdateUser()" file="handler.go:110"
time="2023-08-21T20:11:44+06:00" level=debug msg="compare old and new passwords" func="rest-api-go/internal/service/domain/user.(*UserService).Update()" file="user.go:76"
time="2023-08-21T20:11:44+06:00" level=debug msg="get user by uuid" func="rest-api-go/internal/service/domain/user.(*UserService).Update()" file="user.go:78"
time="2023-08-21T20:11:44+06:00" level=debug msg="compare hash current password and old password" func="rest-api-go/internal/service/domain/user.(*UserService).Update()" file="user.go:84"
time="2023-08-21T20:11:44+06:00" level=debug msg="generate password hash" func="rest-api-go/internal/service/domain/user.(*UserService).Update()" file="user.go:94"
time="2023-08-21T20:11:44+06:00" level=info msg="update user with uuid: &{ID:64e36fb8558d0a2a2217ad7c Username: PasswordHash:$2a$04$fzn9hLIVSOInSKUqTiOCXuIp9/uSKsJSY6HHtb7ywM2s0h4MqIFxK Email:newkuku1@yandex.ru}" func="rest-api-go/internal/service/domain/user.(*UserService).Update()" file="user.go:101"
time="2023-08-21T20:11:44+06:00" level=trace msg="Matched 1, documents and updated 1 documents.\n" func="rest-api-go/internal/storage/mongodb/user.(*UserRepository).Update()" file="user.go:103"
time="2023-08-21T20:13:12+06:00" level=info msg="create router" func="main.main()" file="main.go:25"
time="2023-08-21T20:13:12+06:00" level=info msg="Load config" func="rest-api-go/internal/config.GetConfig.func1()" file="config.go:34"
time="2023-08-21T20:13:12+06:00" level=info msg="register handlers" func="main.main()" file="main.go:40"
time="2023-08-21T20:13:12+06:00" level=info msg="run server" func="main.run()" file="main.go:47"
time="2023-08-21T20:13:12+06:00" level=info msg="Server is listening port 0.0.0.0:8080" func="main.run()" file="main.go:65"
time="2023-08-21T20:13:37+06:00" level=info msg="PARTIALLY UPDATE USER" func="rest-api-go/internal/handlers/user.(*UserHandler).UpdateUser()" file="handler.go:104"
time="2023-08-21T20:13:37+06:00" level=debug msg="decode update user dto" func="rest-api-go/internal/handlers/user.(*UserHandler).UpdateUser()" file="handler.go:110"
time="2023-08-21T20:13:37+06:00" level=debug msg="compare old and new passwords" func="rest-api-go/internal/service/domain/user.(*UserService).Update()" file="user.go:76"
time="2023-08-21T20:13:37+06:00" level=debug msg="get user by uuid" func="rest-api-go/internal/service/domain/user.(*UserService).Update()" file="user.go:78"
time="2023-08-21T20:13:37+06:00" level=debug msg="compare hash current password and old password" func="rest-api-go/internal/service/domain/user.(*UserService).Update()" file="user.go:84"
time="2023-08-21T20:13:37+06:00" level=debug msg="generate password hash" func="rest-api-go/internal/service/domain/user.(*UserService).Update()" file="user.go:94"
time="2023-08-21T20:13:37+06:00" level=info msg="update user with uuid: &{ID:64e36fb8558d0a2a2217ad7c Username:yaya PasswordHash:$2a$04$YNoMNMbJjIuDKiJbAZinMujxXSjY4jECWLQ9u4Pqg71KJmnK3cDkS Email:newkuku1@yandex.ru}" func="rest-api-go/internal/service/domain/user.(*UserService).Update()" file="user.go:101"
time="2023-08-21T20:13:37+06:00" level=trace msg="Matched 1, documents and updated 1 documents.\n" func="rest-api-go/internal/storage/mongodb/user.(*UserRepository).Update()" file="user.go:94"
time="2023-08-21T20:13:52+06:00" level=info msg="PARTIALLY UPDATE USER" func="rest-api-go/internal/handlers/user.(*UserHandler).UpdateUser()" file="handler.go:104"
time="2023-08-21T20:13:52+06:00" level=debug msg="decode update user dto" func="rest-api-go/internal/handlers/user.(*UserHandler).UpdateUser()" file="handler.go:110"
time="2023-08-21T20:13:52+06:00" level=debug msg="compare old and new passwords" func="rest-api-go/internal/service/domain/user.(*UserService).Update()" file="user.go:76"
time="2023-08-21T20:13:52+06:00" level=debug msg="get user by uuid" func="rest-api-go/internal/service/domain/user.(*UserService).Update()" file="user.go:78"
time="2023-08-21T20:13:52+06:00" level=debug msg="compare hash current password and old password" func="rest-api-go/internal/service/domain/user.(*UserService).Update()" file="user.go:84"
time="2023-08-21T20:13:52+06:00" level=debug msg="generate password hash" func="rest-api-go/internal/service/domain/user.(*UserService).Update()" file="user.go:94"
time="2023-08-21T20:13:52+06:00" level=info msg="update user with uuid: &{ID:64e36fb8558d0a2a2217ad7c Username: PasswordHash:$2a$04$0ENt3URtNsxn8YTK23ING.Yj7QdSFBZDHT/i0pAJ09P2CqyCtlem2 Email:newkuku1@yandex.ru}" func="rest-api-go/internal/service/domain/user.(*UserService).Update()" file="user.go:101"
time="2023-08-21T20:13:52+06:00" level=trace msg="Matched 1, documents and updated 1 documents.\n" func="rest-api-go/internal/storage/mongodb/user.(*UserRepository).Update()" file="user.go:94"
time="2023-08-21T20:14:15+06:00" level=info msg="PARTIALLY UPDATE USER" func="rest-api-go/internal/handlers/user.(*UserHandler).UpdateUser()" file="handler.go:104"
time="2023-08-21T20:14:15+06:00" level=debug msg="decode update user dto" func="rest-api-go/internal/handlers/user.(*UserHandler).UpdateUser()" file="handler.go:110"
time="2023-08-21T20:14:15+06:00" level=debug msg="compare old and new passwords" func="rest-api-go/internal/service/domain/user.(*UserService).Update()" file="user.go:76"
time="2023-08-21T20:14:15+06:00" level=debug msg="get user by uuid" func="rest-api-go/internal/service/domain/user.(*UserService).Update()" file="user.go:78"
time="2023-08-21T20:14:15+06:00" level=debug msg="compare hash current password and old password" func="rest-api-go/internal/service/domain/user.(*UserService).Update()" file="user.go:84"
time="2023-08-21T20:14:15+06:00" level=debug msg="generate password hash" func="rest-api-go/internal/service/domain/user.(*UserService).Update()" file="user.go:94"
time="2023-08-21T20:14:15+06:00" level=info msg="update user with uuid: &{ID:64e36fb8558d0a2a2217ad7c Username: PasswordHash:$2a$04$pfG6L56SxhADMTPayu5pkO5z.Ua1iQb0Upbbj7z1C2LSfnu7AwJxW Email:teeara1991@yandex.ru}" func="rest-api-go/internal/service/domain/user.(*UserService).Update()" file="user.go:101"
time="2023-08-21T20:14:15+06:00" level=trace msg="Matched 1, documents and updated 1 documents.\n" func="rest-api-go/internal/storage/mongodb/user.(*UserRepository).Update()" file="user.go:94"
time="2023-08-21T20:14:33+06:00" level=info msg="PARTIALLY UPDATE USER" func="rest-api-go/internal/handlers/user.(*UserHandler).UpdateUser()" file="handler.go:104"
time="2023-08-21T20:14:33+06:00" level=debug msg="decode update user dto" func="rest-api-go/internal/handlers/user.(*UserHandler).UpdateUser()" file="handler.go:110"
time="2023-08-21T20:14:33+06:00" level=debug msg="compare old and new passwords" func="rest-api-go/internal/service/domain/user.(*UserService).Update()" file="user.go:76"
time="2023-08-21T20:14:33+06:00" level=debug msg="get user by uuid" func="rest-api-go/internal/service/domain/user.(*UserService).Update()" file="user.go:78"
time="2023-08-21T20:14:33+06:00" level=debug msg="compare hash current password and old password" func="rest-api-go/internal/service/domain/user.(*UserService).Update()" file="user.go:84"
time="2023-08-21T20:14:33+06:00" level=debug msg="generate password hash" func="rest-api-go/internal/service/domain/user.(*UserService).Update()" file="user.go:94"
time="2023-08-21T20:14:33+06:00" level=info msg="update user with uuid: &{ID:64e36fb8558d0a2a2217ad7c Username: PasswordHash:$2a$04$nA0nEgyivuOhRB2VKILMquKpNBV2A5Edy5f4F8Euk0fpeqT1/f5zK Email:teeara1991@yandex.ru}" func="rest-api-go/internal/service/domain/user.(*UserService).Update()" file="user.go:101"
time="2023-08-21T20:14:33+06:00" level=trace msg="Matched 1, documents and updated 1 documents.\n" func="rest-api-go/internal/storage/mongodb/user.(*UserRepository).Update()" file="user.go:94"
time="2023-08-21T20:14:55+06:00" level=info msg="PARTIALLY UPDATE USER" func="rest-api-go/internal/handlers/user.(*UserHandler).UpdateUser()" file="handler.go:104"
time="2023-08-21T20:14:55+06:00" level=debug msg="decode update user dto" func="rest-api-go/internal/handlers/user.(*UserHandler).UpdateUser()" file="handler.go:110"
time="2023-08-21T20:14:55+06:00" level=debug msg="compare old and new passwords" func="rest-api-go/internal/service/domain/user.(*UserService).Update()" file="user.go:76"
time="2023-08-21T20:14:55+06:00" level=debug msg="get user by uuid" func="rest-api-go/internal/service/domain/user.(*UserService).Update()" file="user.go:78"
time="2023-08-21T20:14:55+06:00" level=debug msg="compare hash current password and old password" func="rest-api-go/internal/service/domain/user.(*UserService).Update()" file="user.go:84"
time="2023-08-21T20:14:55+06:00" level=debug msg="generate password hash" func="rest-api-go/internal/service/domain/user.(*UserService).Update()" file="user.go:94"
time="2023-08-21T20:14:55+06:00" level=info msg="update user with uuid: &{ID:64e36fb8558d0a2a2217ad7c Username: PasswordHash:$2a$04$F6n9cW1OnI5rzM6rKrkh5OkYgg4AsOYq8eew8tlKFh6KuZzrjDauu Email:teeara1991@yandex.ru}" func="rest-api-go/internal/service/domain/user.(*UserService).Update()" file="user.go:101"
time="2023-08-21T20:14:55+06:00" level=trace msg="Matched 1, documents and updated 1 documents.\n" func="rest-api-go/internal/storage/mongodb/user.(*UserRepository).Update()" file="user.go:94"
time="2023-08-21T20:15:16+06:00" level=info msg="PARTIALLY UPDATE USER" func="rest-api-go/internal/handlers/user.(*UserHandler).UpdateUser()" file="handler.go:104"
time="2023-08-21T20:15:16+06:00" level=debug msg="decode update user dto" func="rest-api-go/internal/handlers/user.(*UserHandler).UpdateUser()" file="handler.go:110"
time="2023-08-21T20:15:16+06:00" level=debug msg="compare old and new passwords" func="rest-api-go/internal/service/domain/user.(*UserService).Update()" file="user.go:76"
time="2023-08-21T20:15:16+06:00" level=debug msg="get user by uuid" func="rest-api-go/internal/service/domain/user.(*UserService).Update()" file="user.go:78"
time="2023-08-21T20:15:16+06:00" level=debug msg="compare hash current password and old password" func="rest-api-go/internal/service/domain/user.(*UserService).Update()" file="user.go:84"
time="2023-08-21T20:15:40+06:00" level=info msg="PARTIALLY UPDATE USER" func="rest-api-go/internal/handlers/user.(*UserHandler).UpdateUser()" file="handler.go:104"
time="2023-08-21T20:15:40+06:00" level=debug msg="decode update user dto" func="rest-api-go/internal/handlers/user.(*UserHandler).UpdateUser()" file="handler.go:110"
time="2023-08-21T20:15:40+06:00" level=debug msg="compare old and new passwords" func="rest-api-go/internal/service/domain/user.(*UserService).Update()" file="user.go:76"
time="2023-08-21T20:15:40+06:00" level=debug msg="get user by uuid" func="rest-api-go/internal/service/domain/user.(*UserService).Update()" file="user.go:78"
time="2023-08-21T20:15:40+06:00" level=debug msg="compare hash current password and old password" func="rest-api-go/internal/service/domain/user.(*UserService).Update()" file="user.go:84"
time="2023-08-21T20:15:40+06:00" level=debug msg="generate password hash" func="rest-api-go/internal/service/domain/user.(*UserService).Update()" file="user.go:94"
time="2023-08-21T20:15:40+06:00" level=info msg="update user with uuid: &{ID:64e36fb8558d0a2a2217ad7c Username: PasswordHash:$2a$04$AXMKV7w0yfI8Va.l7S3LjuEIJ//gbZFCS4i6GJ.3u11FWiuRmShye Email:teeara1991@yandex.ru}" func="rest-api-go/internal/service/domain/user.(*UserService).Update()" file="user.go:101"
time="2023-08-21T20:15:40+06:00" level=trace msg="Matched 1, documents and updated 1 documents.\n" func="rest-api-go/internal/storage/mongodb/user.(*UserRepository).Update()" file="user.go:94"
